4.2948 	WARNING 	User requested fullscreen with size [1024  768], but screen is actually [1920, 1080]. Using actual size
6.6841 	EXP 	Created window1 = Window(allowGUI=False, allowStencil=False, args=UNKNOWN, autoLog=True, bitsMode=UNKNOWN, blendMode='avg', color=array([0., 0., 0.]), colorSpace='rgb', fullscr=<method-wrapper '__getattribute__' of attributeSetter object at 0x0000023B6563F8D0>, gamma=None, kwargs=UNKNOWN, lms=UNKNOWN, monitor=<psychopy.monitors.calibTools.Monitor object at 0x0000023B656C89B0>, multiSample=False, name='window1', numSamples=2, pos=[0.0, 0.0], screen=0, size=array([1920, 1080]), stereo=False, units='height', useFBO=True, useRetina=False, viewOri=0.0, viewPos=None, viewScale=None, waitBlanking=True, winType='pyglet')
6.6842 	EXP 	window1: recordFrameIntervals = False
6.8480 	EXP 	window1: recordFrameIntervals = True
7.0334 	EXP 	window1: recordFrameIntervals = False
7.5554 	EXP 	Created polygon = Rect(__class__=<class 'psychopy.visual.rect.Rect'>, autoDraw=False, autoLog=True, closeShape=True, color=method-wrapper(...), colorSpace=None, contrast=1.0, depth=0.0, fillColor=array([1., 1., 1.]), fillColorSpace='rgb', fillRGB=array([1., 1., 1.]), interpolate=True, lineColor=array([1., 1., 1.]), lineColorSpace='rgb', lineRGB=array([1., 1., 1.]), lineWidth=1, name='polygon', opacity=1.0, ori=array(0.), pos=array([0., 0.]), size=array([1., 1.]), units='height', vertices=ndarray(...), win=Window(...))
7.5648 	EXP 	Created polygon_2 = Polygon(__class__=<class 'psychopy.visual.polygon.Polygon'>, autoDraw=False, autoLog=True, closeShape=True, color=method-wrapper(...), colorSpace=None, contrast=1.0, depth=-1.0, fillColor=array([ 1., -1., -1.]), fillColorSpace='rgb', fillRGB=array([ 1., -1., -1.]), interpolate=True, lineColor=array([ 1., -1., -1.]), lineColorSpace='rgb', lineRGB=array([ 1., -1., -1.]), lineWidth=1, name='polygon_2', opacity=1.0, ori=array(0.), pos=array([-0.8,  0. ]), size=array([0.2, 0.2]), units='height', vertices=ndarray(...), win=Window(...))
7.5692 	EXP 	Created polygon_3 = Polygon(__class__=<class 'psychopy.visual.polygon.Polygon'>, autoDraw=False, autoLog=True, closeShape=True, color=method-wrapper(...), colorSpace=None, contrast=1.0, depth=-2.0, fillColor=array([0.004, 1.   , 1.   ]), fillColorSpace='rgb', fillRGB=array([0.004, 1.   , 1.   ]), interpolate=True, lineColor=array([0.004, 1.   , 1.   ]), lineColorSpace='rgb', lineRGB=array([0.004, 1.   , 1.   ]), lineWidth=1, name='polygon_3', opacity=1.0, ori=array(0.), pos=array([-0.6,  0. ]), size=array([0.2, 0.2]), units='height', vertices=ndarray(...), win=Window(...))
7.5735 	EXP 	Created polygon_4 = Polygon(__class__=<class 'psychopy.visual.polygon.Polygon'>, autoDraw=False, autoLog=True, closeShape=True, color=method-wrapper(...), colorSpace=None, contrast=1.0, depth=-3.0, fillColor=array([-1., -1.,  1.]), fillColorSpace='rgb', fillRGB=array([-1., -1.,  1.]), interpolate=True, lineColor=array([-1., -1.,  1.]), lineColorSpace='rgb', lineRGB=array([-1., -1.,  1.]), lineWidth=1, name='polygon_4', opacity=1.0, ori=array(0.), pos=array([-0.4,  0. ]), size=array([0.2, 0.2]), units='height', vertices=ndarray(...), win=Window(...))
7.5777 	EXP 	Created polygon_5 = Polygon(__class__=<class 'psychopy.visual.polygon.Polygon'>, autoDraw=False, autoLog=True, closeShape=True, color=method-wrapper(...), colorSpace=None, contrast=1.0, depth=-4.0, fillColor=array([ 1.,  1., -1.]), fillColorSpace='rgb', fillRGB=array([ 1.,  1., -1.]), interpolate=True, lineColor=array([ 1.,  1., -1.]), lineColorSpace='rgb', lineRGB=array([ 1.,  1., -1.]), lineWidth=1, name='polygon_5', opacity=1.0, ori=array(0.), pos=array([-0.2,  0. ]), size=array([0.2, 0.2]), units='height', vertices=ndarray(...), win=Window(...))
7.5821 	EXP 	Created polygon_6 = Polygon(__class__=<class 'psychopy.visual.polygon.Polygon'>, autoDraw=False, autoLog=True, closeShape=True, color=method-wrapper(...), colorSpace=None, contrast=1.0, depth=-5.0, fillColor=array([1.   , 0.004, 0.506]), fillColorSpace='rgb', fillRGB=array([1.   , 0.004, 0.506]), interpolate=True, lineColor=array([1.   , 0.004, 0.506]), lineColorSpace='rgb', lineRGB=array([1.   , 0.004, 0.506]), lineWidth=1, name='polygon_6', opacity=1.0, ori=array(0.), pos=array([0., 0.]), size=array([0.2, 0.2]), units='height', vertices=ndarray(...), win=Window(...))
7.5865 	EXP 	Created polygon_7 = Polygon(__class__=<class 'psychopy.visual.polygon.Polygon'>, autoDraw=False, autoLog=True, closeShape=True, color=method-wrapper(...), colorSpace=None, contrast=1.0, depth=-6.0, fillColor=array([0.004, 0.004, 1.   ]), fillColorSpace='rgb', fillRGB=array([0.004, 0.004, 1.   ]), interpolate=True, lineColor=array([0.004, 0.004, 1.   ]), lineColorSpace='rgb', lineRGB=array([0.004, 0.004, 1.   ]), lineWidth=1, name='polygon_7', opacity=1.0, ori=array(0.), pos=array([0.2, 0. ]), size=array([0.2, 0.2]), units='height', vertices=ndarray(...), win=Window(...))
7.5906 	EXP 	Created polygon_8 = Polygon(__class__=<class 'psychopy.visual.polygon.Polygon'>, autoDraw=False, autoLog=True, closeShape=True, color=method-wrapper(...), colorSpace=None, contrast=1.0, depth=-7.0, fillColor=array([1., 1., 1.]), fillColorSpace='rgb', fillRGB=array([1., 1., 1.]), interpolate=True, lineColor=array([1., 1., 1.]), lineColorSpace='rgb', lineRGB=array([1., 1., 1.]), lineWidth=1, name='polygon_8', opacity=1.0, ori=array(0.), pos=array([0.4, 0. ]), size=array([0.2, 0.2]), units='height', vertices=ndarray(...), win=Window(...))
7.5939 	EXP 	Created polygon_9 = Polygon(__class__=<class 'psychopy.visual.polygon.Polygon'>, autoDraw=False, autoLog=True, closeShape=True, color=method-wrapper(...), colorSpace=None, contrast=1.0, depth=-8.0, fillColor=array([ 1.   ,  0.004, -1.   ]), fillColorSpace='rgb', fillRGB=array([ 1.   ,  0.004, -1.   ]), interpolate=True, lineColor=array([ 1.   ,  0.004, -1.   ]), lineColorSpace='rgb', lineRGB=array([ 1.   ,  0.004, -1.   ]), lineWidth=1, name='polygon_9', opacity=1.0, ori=array(0.), pos=array([0.6, 0. ]), size=array([0.2, 0.2]), units='height', vertices=ndarray(...), win=Window(...))
7.5977 	EXP 	Created polygon_10 = Polygon(__class__=<class 'psychopy.visual.polygon.Polygon'>, autoDraw=False, autoLog=True, closeShape=True, color=method-wrapper(...), colorSpace=None, contrast=1.0, depth=-9.0, fillColor=array([-0.498,  0.004,  0.004]), fillColorSpace='rgb', fillRGB=array([-0.498,  0.004,  0.004]), interpolate=True, lineColor=array([-0.498,  0.004,  0.004]), lineColorSpace='rgb', lineRGB=array([-0.498,  0.004,  0.004]), lineWidth=1, name='polygon_10', opacity=1.0, ori=array(0.), pos=array([0.8, 0. ]), size=array([0.2, 0.2]), units='height', vertices=ndarray(...), win=Window(...))
7.6379 	EXP 	polygon: autoDraw = True
7.6379 	EXP 	polygon_2: autoDraw = True
9.6148 	EXP 	polygon_3: autoDraw = True
11.6143 	EXP 	polygon_4: autoDraw = True
13.6140 	EXP 	polygon_5: autoDraw = True
15.6299 	EXP 	polygon_6: autoDraw = True
17.6290 	EXP 	polygon_7: autoDraw = True
19.6286 	EXP 	polygon_8: autoDraw = True
21.6282 	EXP 	polygon_9: autoDraw = True
23.6275 	EXP 	polygon_10: autoDraw = True
28.2170 	DATA 	Keypress: escape
28.5114 	EXP 	window1: mouseVisible = True
