14.5199 	WARNING 	User requested fullscreen with size [1024  768], but screen is actually [1920, 1080]. Using actual size
16.6296 	EXP 	Created window1 = Window(allowGUI=False, allowStencil=False, args=UNKNOWN, autoLog=True, bitsMode=UNKNOWN, blendMode='avg', color=array([0., 0., 0.]), colorSpace='rgb', fullscr=<method-wrapper '__getattribute__' of attributeSetter object at 0x0000025438B3F8D0>, gamma=None, kwargs=UNKNOWN, lms=UNKNOWN, monitor=<psychopy.monitors.calibTools.Monitor object at 0x0000025438BC89B0>, multiSample=False, name='window1', numSamples=2, pos=[0.0, 0.0], screen=0, size=array([1920, 1080]), stereo=False, units='height', useFBO=True, useRetina=False, viewOri=0.0, viewPos=None, viewScale=None, waitBlanking=True, winType='pyglet')
16.6296 	EXP 	window1: recordFrameIntervals = False
16.7939 	EXP 	window1: recordFrameIntervals = True
16.9772 	EXP 	window1: recordFrameIntervals = False
17.4063 	EXP 	Created polygon = Rect(__class__=<class 'psychopy.visual.rect.Rect'>, autoDraw=False, autoLog=True, closeShape=True, color=method-wrapper(...), colorSpace=None, contrast=1.0, depth=0.0, fillColor=array([1., 1., 1.]), fillColorSpace='rgb', fillRGB=array([1., 1., 1.]), interpolate=True, lineColor=array([1., 1., 1.]), lineColorSpace='rgb', lineRGB=array([1., 1., 1.]), lineWidth=1, name='polygon', opacity=1.0, ori=array(0.), pos=array([0., 0.]), size=array([1., 1.]), units='height', vertices=ndarray(...), win=Window(...))
17.4191 	EXP 	Created polygon_2 = Polygon(__class__=<class 'psychopy.visual.polygon.Polygon'>, autoDraw=False, autoLog=True, closeShape=True, color=method-wrapper(...), colorSpace=None, contrast=1.0, depth=-1.0, fillColor=array([ 1., -1., -1.]), fillColorSpace='rgb', fillRGB=array([ 1., -1., -1.]), interpolate=True, lineColor=array([ 1., -1., -1.]), lineColorSpace='rgb', lineRGB=array([ 1., -1., -1.]), lineWidth=1, name='polygon_2', opacity=1.0, ori=array(0.), pos=array([-0.8,  0. ]), size=array([0.2, 0.2]), units='height', vertices=ndarray(...), win=Window(...))
17.4228 	EXP 	Created polygon_3 = Polygon(__class__=<class 'psychopy.visual.polygon.Polygon'>, autoDraw=False, autoLog=True, closeShape=True, color=method-wrapper(...), colorSpace=None, contrast=1.0, depth=-2.0, fillColor=array([0.004, 1.   , 1.   ]), fillColorSpace='rgb', fillRGB=array([0.004, 1.   , 1.   ]), interpolate=True, lineColor=array([0.004, 1.   , 1.   ]), lineColorSpace='rgb', lineRGB=array([0.004, 1.   , 1.   ]), lineWidth=1, name='polygon_3', opacity=1.0, ori=array(0.), pos=array([-0.6,  0. ]), size=array([0.2, 0.2]), units='height', vertices=ndarray(...), win=Window(...))
17.4272 	EXP 	Created polygon_4 = Polygon(__class__=<class 'psychopy.visual.polygon.Polygon'>, autoDraw=False, autoLog=True, closeShape=True, color=method-wrapper(...), colorSpace=None, contrast=1.0, depth=-3.0, fillColor=array([-1., -1.,  1.]), fillColorSpace='rgb', fillRGB=array([-1., -1.,  1.]), interpolate=True, lineColor=array([-1., -1.,  1.]), lineColorSpace='rgb', lineRGB=array([-1., -1.,  1.]), lineWidth=1, name='polygon_4', opacity=1.0, ori=array(0.), pos=array([-0.4,  0. ]), size=array([0.2, 0.2]), units='height', vertices=ndarray(...), win=Window(...))
17.4309 	EXP 	Created polygon_5 = Polygon(__class__=<class 'psychopy.visual.polygon.Polygon'>, autoDraw=False, autoLog=True, closeShape=True, color=method-wrapper(...), colorSpace=None, contrast=1.0, depth=-4.0, fillColor=array([ 1.,  1., -1.]), fillColorSpace='rgb', fillRGB=array([ 1.,  1., -1.]), interpolate=True, lineColor=array([ 1.,  1., -1.]), lineColorSpace='rgb', lineRGB=array([ 1.,  1., -1.]), lineWidth=1, name='polygon_5', opacity=1.0, ori=array(0.), pos=array([-0.2,  0. ]), size=array([0.2, 0.2]), units='height', vertices=ndarray(...), win=Window(...))
17.4345 	EXP 	Created polygon_6 = Polygon(__class__=<class 'psychopy.visual.polygon.Polygon'>, autoDraw=False, autoLog=True, closeShape=True, color=method-wrapper(...), colorSpace=None, contrast=1.0, depth=-5.0, fillColor=array([1.   , 0.004, 0.506]), fillColorSpace='rgb', fillRGB=array([1.   , 0.004, 0.506]), interpolate=True, lineColor=array([1.   , 0.004, 0.506]), lineColorSpace='rgb', lineRGB=array([1.   , 0.004, 0.506]), lineWidth=1, name='polygon_6', opacity=1.0, ori=array(0.), pos=array([0., 0.]), size=array([0.2, 0.2]), units='height', vertices=ndarray(...), win=Window(...))
17.4382 	EXP 	Created polygon_7 = Polygon(__class__=<class 'psychopy.visual.polygon.Polygon'>, autoDraw=False, autoLog=True, closeShape=True, color=method-wrapper(...), colorSpace=None, contrast=1.0, depth=-6.0, fillColor=array([0.004, 0.004, 1.   ]), fillColorSpace='rgb', fillRGB=array([0.004, 0.004, 1.   ]), interpolate=True, lineColor=array([0.004, 0.004, 1.   ]), lineColorSpace='rgb', lineRGB=array([0.004, 0.004, 1.   ]), lineWidth=1, name='polygon_7', opacity=1.0, ori=array(0.), pos=array([0.2, 0. ]), size=array([0.2, 0.2]), units='height', vertices=ndarray(...), win=Window(...))
17.4426 	EXP 	Created polygon_8 = Polygon(__class__=<class 'psychopy.visual.polygon.Polygon'>, autoDraw=False, autoLog=True, closeShape=True, color=method-wrapper(...), colorSpace=None, contrast=1.0, depth=-7.0, fillColor=array([1., 1., 1.]), fillColorSpace='rgb', fillRGB=array([1., 1., 1.]), interpolate=True, lineColor=array([1., 1., 1.]), lineColorSpace='rgb', lineRGB=array([1., 1., 1.]), lineWidth=1, name='polygon_8', opacity=1.0, ori=array(0.), pos=array([0.4, 0. ]), size=array([0.2, 0.2]), units='height', vertices=ndarray(...), win=Window(...))
17.4468 	EXP 	Created polygon_9 = Polygon(__class__=<class 'psychopy.visual.polygon.Polygon'>, autoDraw=False, autoLog=True, closeShape=True, color=method-wrapper(...), colorSpace=None, contrast=1.0, depth=-8.0, fillColor=array([ 1.   ,  0.004, -1.   ]), fillColorSpace='rgb', fillRGB=array([ 1.   ,  0.004, -1.   ]), interpolate=True, lineColor=array([ 1.   ,  0.004, -1.   ]), lineColorSpace='rgb', lineRGB=array([ 1.   ,  0.004, -1.   ]), lineWidth=1, name='polygon_9', opacity=1.0, ori=array(0.), pos=array([0.6, 0. ]), size=array([0.2, 0.2]), units='height', vertices=ndarray(...), win=Window(...))
17.4505 	EXP 	Created polygon_10 = Polygon(__class__=<class 'psychopy.visual.polygon.Polygon'>, autoDraw=False, autoLog=True, closeShape=True, color=method-wrapper(...), colorSpace=None, contrast=1.0, depth=-9.0, fillColor=array([-0.498,  0.004,  0.004]), fillColorSpace='rgb', fillRGB=array([-0.498,  0.004,  0.004]), interpolate=True, lineColor=array([-0.498,  0.004,  0.004]), lineColorSpace='rgb', lineRGB=array([-0.498,  0.004,  0.004]), lineWidth=1, name='polygon_10', opacity=1.0, ori=array(0.), pos=array([0.8, 0. ]), size=array([0.2, 0.2]), units='height', vertices=ndarray(...), win=Window(...))
17.4863 	EXP 	polygon: autoDraw = True
17.4863 	EXP 	polygon_2: autoDraw = True
19.4752 	EXP 	polygon_3: autoDraw = True
21.4746 	EXP 	polygon_4: autoDraw = True
23.4741 	EXP 	polygon_5: autoDraw = True
25.4735 	EXP 	polygon_6: autoDraw = True
27.4729 	EXP 	polygon_7: autoDraw = True
29.4723 	EXP 	polygon_8: autoDraw = True
31.4717 	EXP 	polygon_9: autoDraw = True
33.4714 	EXP 	polygon_10: autoDraw = True
48.9544 	DATA 	Mouse: Left button down, pos=(1212,383)
49.1543 	DATA 	Mouse:  Left button up, pos=(1212,383)
49.5703 	DATA 	Keypress: escape
49.8660 	EXP 	window1: mouseVisible = True
